[2024-06-07 12:00:43,555] INFO [Controller id=0 epoch=1] Changed partition weather_topic-0 state from NonExistentPartition to NewPartition with assigned replicas 0 (state.change.logger)
[2024-06-07 12:00:43,556] INFO [Controller id=0 epoch=1] Sending UpdateMetadata request to brokers HashSet() for 0 partitions (state.change.logger)
[2024-06-07 12:00:43,563] INFO [Controller id=0 epoch=1] Sending UpdateMetadata request to brokers HashSet() for 0 partitions (state.change.logger)
[2024-06-07 12:00:43,659] INFO [Controller id=0 epoch=1] Changed partition weather_topic-0 from NewPartition to OnlinePartition with state LeaderAndIsr(leader=0, leaderEpoch=0, isr=List(0), leaderRecoveryState=RECOVERED, partitionEpoch=0) (state.change.logger)
[2024-06-07 12:00:43,663] INFO [Controller id=0 epoch=1] Sending LeaderAndIsr request to broker 0 with 1 become-leader and 0 become-follower partitions (state.change.logger)
[2024-06-07 12:00:43,667] INFO [Controller id=0 epoch=1] Sending UpdateMetadata request to brokers HashSet(0) for 1 partitions (state.change.logger)
[2024-06-07 12:00:43,668] INFO [Controller id=0 epoch=1] Sending UpdateMetadata request to brokers HashSet() for 0 partitions (state.change.logger)
[2024-06-07 12:00:43,675] INFO [Broker id=0] Handling LeaderAndIsr request correlationId 1 from controller 0 for 1 partitions (state.change.logger)
[2024-06-07 12:00:43,709] INFO [Broker id=0] Stopped fetchers as part of LeaderAndIsr request correlationId 1 from controller 0 epoch 1 as part of the become-leader transition for 1 partitions (state.change.logger)
[2024-06-07 12:00:43,816] INFO [Broker id=0] Leader weather_topic-0 with topic id Some(JtRIYG8URFe-08pHLmhMRg) starts at leader epoch 0 from offset 0 with partition epoch 0, high watermark 0, ISR [0], adding replicas [] and removing replicas []. Previous leader epoch was -1. (state.change.logger)
[2024-06-07 12:00:43,942] INFO [Broker id=0] Finished LeaderAndIsr request in 269ms correlationId 1 from controller 0 for 1 partitions (state.change.logger)
[2024-06-07 12:00:43,957] INFO [Broker id=0] Add 1 partitions and deleted 0 partitions from metadata cache in response to UpdateMetadata request sent by controller 0 epoch 1 with correlation id 2 (state.change.logger)
[2024-06-07 12:14:37,218] INFO [Controller id=0 epoch=1] Sending UpdateMetadata request to brokers HashSet() for 0 partitions (state.change.logger)
[2024-06-07 12:14:49,619] INFO [Controller id=0 epoch=2] Sending UpdateMetadata request to brokers HashSet(0) for 0 partitions (state.change.logger)
[2024-06-07 12:14:49,689] INFO [Controller id=0 epoch=2] Sending LeaderAndIsr request to broker 0 with 1 become-leader and 0 become-follower partitions (state.change.logger)
[2024-06-07 12:14:49,696] INFO [Controller id=0 epoch=2] Sending UpdateMetadata request to brokers HashSet(0) for 1 partitions (state.change.logger)
[2024-06-07 12:14:49,842] INFO [Broker id=0] Handling LeaderAndIsr request correlationId 1 from controller 0 for 1 partitions (state.change.logger)
[2024-06-07 12:14:49,862] INFO [Broker id=0] Stopped fetchers as part of LeaderAndIsr request correlationId 1 from controller 0 epoch 2 as part of the become-leader transition for 1 partitions (state.change.logger)
[2024-06-07 12:14:49,877] INFO [Broker id=0] Leader weather_topic-0 with topic id Some(JtRIYG8URFe-08pHLmhMRg) starts at leader epoch 0 from offset 0 with partition epoch 0, high watermark 0, ISR [0], adding replicas [] and removing replicas []. Previous leader epoch was -1. (state.change.logger)
[2024-06-07 12:14:49,948] INFO [Broker id=0] Finished LeaderAndIsr request in 107ms correlationId 1 from controller 0 for 1 partitions (state.change.logger)
[2024-06-07 12:14:49,957] INFO [Broker id=0] Add 1 partitions and deleted 0 partitions from metadata cache in response to UpdateMetadata request sent by controller 0 epoch 2 with correlation id 2 (state.change.logger)
