INFO  [main] 2024-06-07 12:06:07,034 YamlConfigurationLoader.java:97 - Configuration location: file:/home/madhurjya/Personal_Projects/API_Kafka_Cassandra_Pipeline_0706/apache-cassandra-4.0.13/conf/cassandra.yaml
INFO  [main] 2024-06-07 12:06:08,162 Config.java:711 - Node configuration:[allocate_tokens_for_keyspace=null; allocate_tokens_for_local_replication_factor=3; allow_extra_insecure_udfs=false; allow_insecure_udfs=false; audit_logging_options=AuditLogOptions{enabled=false, logger='BinAuditLogger', included_keyspaces='', excluded_keyspaces='system,system_schema,system_virtual_schema', included_categories='', excluded_categories='', included_users='', excluded_users='', audit_logs_dir='bin/../logs/audit/', archive_command='', roll_cycle='HOURLY', block=true, max_queue_weight=268435456, max_log_size=17179869184}; authenticator=AllowAllAuthenticator; authorizer=AllowAllAuthorizer; auto_bootstrap=true; auto_optimise_full_repair_streams=false; auto_optimise_inc_repair_streams=false; auto_optimise_preview_repair_streams=false; auto_snapshot=true; autocompaction_on_startup_enabled=true; automatic_sstable_upgrade=false; back_pressure_enabled=false; back_pressure_strategy=null; batch_size_fail_threshold_in_kb=50; batch_size_warn_threshold_in_kb=5; batchlog_replay_throttle_in_kb=1024; block_for_peers_in_remote_dcs=false; block_for_peers_timeout_in_secs=10; broadcast_address=null; broadcast_rpc_address=null; buffer_pool_use_heap_if_exhausted=false; cache_load_timeout_seconds=30; cas_contention_timeout_in_ms=1000; cdc_enabled=false; cdc_free_space_check_interval_ms=250; cdc_raw_directory=null; cdc_total_space_in_mb=0; check_for_duplicate_rows_during_compaction=true; check_for_duplicate_rows_during_reads=true; client_encryption_options=<REDACTED>; cluster_name=Test Cluster; column_index_cache_size_in_kb=2; column_index_size_in_kb=64; commit_failure_policy=stop; commitlog_compression=null; commitlog_directory=null; commitlog_max_compression_buffers_in_pool=3; commitlog_periodic_queue_size=-1; commitlog_segment_size_in_mb=32; commitlog_sync=periodic; commitlog_sync_batch_window_in_ms=NaN; commitlog_sync_group_window_in_ms=NaN; commitlog_sync_period_in_ms=10000; commitlog_total_space_in_mb=null; compaction_large_partition_warning_threshold_mb=100; compaction_throughput_mb_per_sec=64; concurrent_compactors=null; concurrent_counter_writes=32; concurrent_materialized_view_builders=1; concurrent_materialized_view_writes=32; concurrent_merkle_tree_requests=0; concurrent_reads=32; concurrent_replicates=null; concurrent_validations=0; concurrent_writes=32; consecutive_message_errors_threshold=1; corrupted_tombstone_strategy=disabled; counter_cache_keys_to_save=2147483647; counter_cache_save_period=7200; counter_cache_size_in_mb=null; counter_write_request_timeout_in_ms=5000; credentials_cache_max_entries=1000; credentials_update_interval_in_ms=-1; credentials_validity_in_ms=2000; cross_node_timeout=true; data_file_directories=[Ljava.lang.String;@2b491fee; diagnostic_events_enabled=false; disk_access_mode=auto; disk_failure_policy=stop; disk_optimization_estimate_percentile=0.95; disk_optimization_page_cross_chance=0.1; disk_optimization_strategy=ssd; dynamic_snitch=true; dynamic_snitch_badness_threshold=1.0; dynamic_snitch_reset_interval_in_ms=600000; dynamic_snitch_update_interval_in_ms=100; enable_drop_compact_storage=false; enable_materialized_views=false; enable_sasi_indexes=false; enable_scripted_user_defined_functions=false; enable_transient_replication=false; enable_user_defined_functions=false; enable_user_defined_functions_threads=true; endpoint_snitch=SimpleSnitch; file_cache_enabled=false; file_cache_round_up=null; file_cache_size_in_mb=null; flush_compression=fast; force_new_prepared_statement_behaviour=false; full_query_logging_options=FullQueryLoggerOptions{log_dir='', archive_command='', roll_cycle='HOURLY', block=true, max_queue_weight=268435456, max_log_size=17179869184}; gc_log_threshold_in_ms=200; gc_warn_threshold_in_ms=1000; hinted_handoff_disabled_datacenters=[]; hinted_handoff_enabled=true; hinted_handoff_throttle_in_kb=1024; hints_compression=null; hints_directory=null; hints_flush_period_in_ms=10000; ideal_consistency_level=null; incremental_backups=false; index_summary_capacity_in_mb=null; index_summary_resize_interval_in_minutes=60; initial_range_tombstone_list_allocation_size=1; initial_token=null; inter_dc_stream_throughput_outbound_megabits_per_sec=200; inter_dc_tcp_nodelay=false; internode_application_receive_queue_capacity_in_bytes=4194304; internode_application_receive_queue_reserve_endpoint_capacity_in_bytes=134217728; internode_application_receive_queue_reserve_global_capacity_in_bytes=536870912; internode_application_send_queue_capacity_in_bytes=4194304; internode_application_send_queue_reserve_endpoint_capacity_in_bytes=134217728; internode_application_send_queue_reserve_global_capacity_in_bytes=536870912; internode_authenticator=null; internode_compression=dc; internode_max_message_size_in_bytes=null; internode_socket_receive_buffer_size_in_bytes=0; internode_socket_send_buffer_size_in_bytes=0; internode_streaming_tcp_user_timeout_in_ms=300000; internode_tcp_connect_timeout_in_ms=2000; internode_tcp_user_timeout_in_ms=30000; key_cache_keys_to_save=2147483647; key_cache_migrate_during_compaction=true; key_cache_save_period=14400; key_cache_size_in_mb=null; keyspace_count_warn_threshold=40; listen_address=localhost; listen_interface=null; listen_interface_prefer_ipv6=false; listen_on_broadcast_address=false; local_system_data_file_directory=null; max_concurrent_automatic_sstable_upgrades=1; max_hint_window_in_ms=10800000; max_hints_delivery_threads=2; max_hints_file_size_in_mb=128; max_mutation_size_in_kb=null; max_streaming_retries=3; max_value_size_in_mb=256; memtable_allocation_type=heap_buffers; memtable_cleanup_threshold=null; memtable_flush_writers=0; memtable_heap_space_in_mb=null; memtable_offheap_space_in_mb=null; min_free_space_per_drive_in_mb=50; native_transport_allow_older_protocols=true; native_transport_flush_in_batches_legacy=false; native_transport_idle_timeout_in_ms=0; native_transport_max_concurrent_connections=-1; native_transport_max_concurrent_connections_per_ip=-1; native_transport_max_concurrent_requests_in_bytes=-1; native_transport_max_concurrent_requests_in_bytes_per_ip=-1; native_transport_max_frame_size_in_mb=256; native_transport_max_negotiable_protocol_version=null; native_transport_max_threads=128; native_transport_port=9042; native_transport_port_ssl=null; native_transport_receive_queue_capacity_in_bytes=1048576; network_authorizer=AllowAllNetworkAuthorizer; networking_cache_size_in_mb=null; num_tokens=16; otc_backlog_expiration_interval_ms=200; otc_coalescing_enough_coalesced_messages=8; otc_coalescing_strategy=DISABLED; otc_coalescing_window_us=200; partitioner=org.apache.cassandra.dht.Murmur3Partitioner; periodic_commitlog_sync_lag_block_in_ms=null; permissions_cache_max_entries=1000; permissions_update_interval_in_ms=-1; permissions_validity_in_ms=2000; phi_convict_threshold=8.0; prepared_statements_cache_size_mb=null; range_request_timeout_in_ms=10000; range_tombstone_list_growth_factor=1.5; read_request_timeout_in_ms=5000; reject_repair_compaction_threshold=2147483647; repair_command_pool_full_strategy=queue; repair_command_pool_size=0; repair_request_timeout_in_ms=60000; repair_session_max_tree_depth=null; repair_session_space_in_mb=null; repaired_data_tracking_for_partition_reads_enabled=false; repaired_data_tracking_for_range_reads_enabled=false; report_unconfirmed_repaired_data_mismatches=false; request_timeout_in_ms=10000; role_manager=CassandraRoleManager; roles_cache_max_entries=1000; roles_update_interval_in_ms=-1; roles_validity_in_ms=2000; row_cache_class_name=org.apache.cassandra.cache.OHCProvider; row_cache_keys_to_save=2147483647; row_cache_save_period=0; row_cache_size_in_mb=0; rpc_address=localhost; rpc_interface=null; rpc_interface_prefer_ipv6=false; rpc_keepalive=true; saved_caches_directory=null; seed_provider=org.apache.cassandra.locator.SimpleSeedProvider{seeds=127.0.0.1:7000}; server_encryption_options=<REDACTED>; slow_query_log_timeout_in_ms=500; snapshot_before_compaction=false; snapshot_links_per_second=0; snapshot_on_duplicate_row_detection=false; snapshot_on_repaired_data_mismatch=false; ssl_storage_port=7001; sstable_preemptive_open_interval_in_mb=50; start_native_transport=true; storage_port=7000; stream_entire_sstables=true; stream_throughput_outbound_megabits_per_sec=200; streaming_connections_per_host=1; streaming_keep_alive_period_in_secs=300; table_count_warn_threshold=150; tombstone_failure_threshold=100000; tombstone_warn_threshold=1000; tracetype_query_ttl=86400; tracetype_repair_ttl=604800; transfer_hints_on_decommission=true; transparent_data_encryption_options=org.apache.cassandra.config.TransparentDataEncryptionOptions@3f1c5af9; trickle_fsync=false; trickle_fsync_interval_in_kb=10240; truncate_request_timeout_in_ms=60000; unlogged_batch_across_partitions_warn_threshold=10; use_offheap_merkle_trees=true; user_defined_function_fail_timeout=1500; user_defined_function_warn_timeout=500; user_function_timeout_policy=die; validation_preview_purge_head_start_in_sec=3600; windows_timer_interval=1; write_request_timeout_in_ms=2000]
INFO  [main] 2024-06-07 12:06:08,165 DatabaseDescriptor.java:416 - DiskAccessMode 'auto' determined to be mmap, indexAccessMode is mmap
INFO  [main] 2024-06-07 12:06:08,165 DatabaseDescriptor.java:477 - Global memtable on-heap threshold is enabled at 356MB
INFO  [main] 2024-06-07 12:06:08,165 DatabaseDescriptor.java:481 - Global memtable off-heap threshold is enabled at 356MB
INFO  [main] 2024-06-07 12:06:08,432 JMXServerUtils.java:274 - Configured JMX server at: service:jmx:rmi://127.0.0.1/jndi/rmi://127.0.0.1:7199/jmxrmi
INFO  [main] 2024-06-07 12:06:08,457 CassandraDaemon.java:621 - Hostname: madhurjya-System-Product-Name:7000:7001
INFO  [main] 2024-06-07 12:06:08,457 CassandraDaemon.java:628 - JVM vendor/version: OpenJDK 64-Bit Server VM/11.0.22
INFO  [main] 2024-06-07 12:06:08,459 CassandraDaemon.java:629 - Heap size: 1.394GiB/1.394GiB
INFO  [main] 2024-06-07 12:06:08,461 CassandraDaemon.java:634 - CodeHeap 'non-nmethods' Non-heap memory: init = 2555904(2496K) used = 1292672(1262K) committed = 2555904(2496K) max = 5832704(5696K)
INFO  [main] 2024-06-07 12:06:08,476 CassandraDaemon.java:634 - Metaspace Non-heap memory: init = 0(0K) used = 21352192(20851K) committed = 22020096(21504K) max = -1(-1K)
INFO  [main] 2024-06-07 12:06:08,477 CassandraDaemon.java:634 - CodeHeap 'profiled nmethods' Non-heap memory: init = 2555904(2496K) used = 3863552(3773K) committed = 3866624(3776K) max = 122912768(120032K)
INFO  [main] 2024-06-07 12:06:08,477 CassandraDaemon.java:634 - Compressed Class Space Non-heap memory: init = 0(0K) used = 2406984(2350K) committed = 2621440(2560K) max = 1073741824(1048576K)
INFO  [main] 2024-06-07 12:06:08,477 CassandraDaemon.java:634 - Par Eden Space Heap memory: init = 306184192(299008K) used = 116432928(113704K) committed = 306184192(299008K) max = 306184192(299008K)
INFO  [main] 2024-06-07 12:06:08,477 CassandraDaemon.java:634 - Par Survivor Space Heap memory: init = 38273024(37376K) used = 0(0K) committed = 38273024(37376K) max = 38273024(37376K)
INFO  [main] 2024-06-07 12:06:08,478 CassandraDaemon.java:634 - CodeHeap 'non-profiled nmethods' Non-heap memory: init = 2555904(2496K) used = 714624(697K) committed = 2555904(2496K) max = 122912768(120032K)
INFO  [main] 2024-06-07 12:06:08,478 CassandraDaemon.java:634 - CMS Old Gen Heap memory: init = 1152385024(1125376K) used = 0(0K) committed = 1152385024(1125376K) max = 1152385024(1125376K)
INFO  [main] 2024-06-07 12:06:08,478 CassandraDaemon.java:636 - Classpath: bin/../conf:bin/../lib/HdrHistogram-2.1.12.jar:bin/../lib/ST4-4.0.8.jar:bin/../lib/airline-0.8.jar:bin/../lib/antlr-runtime-3.5.2.jar:bin/../lib/apache-cassandra-4.0.13.jar:bin/../lib/asm-7.1.jar:bin/../lib/caffeine-2.5.6.jar:bin/../lib/cassandra-driver-core-3.11.0-shaded.jar:bin/../lib/chronicle-bytes-2.20.111.jar:bin/../lib/chronicle-core-2.20.126.jar:bin/../lib/chronicle-queue-5.20.123.jar:bin/../lib/chronicle-threads-2.20.111.jar:bin/../lib/chronicle-wire-2.20.117.jar:bin/../lib/commons-cli-1.1.jar:bin/../lib/commons-codec-1.9.jar:bin/../lib/commons-lang3-3.11.jar:bin/../lib/commons-math3-3.2.jar:bin/../lib/concurrent-trees-2.4.0.jar:bin/../lib/ecj-4.6.1.jar:bin/../lib/guava-27.0-jre.jar:bin/../lib/high-scale-lib-1.0.6.jar:bin/../lib/hppc-0.8.1.jar:bin/../lib/j2objc-annotations-1.3.jar:bin/../lib/jackson-annotations-2.13.2.jar:bin/../lib/jackson-core-2.13.2.jar:bin/../lib/jackson-databind-2.13.2.2.jar:bin/../lib/jamm-0.3.2.jar:bin/../lib/javax.inject-1.jar:bin/../lib/jbcrypt-0.4.jar:bin/../lib/jcl-over-slf4j-1.7.25.jar:bin/../lib/jcommander-1.30.jar:bin/../lib/jctools-core-3.1.0.jar:bin/../lib/jna-5.6.0.jar:bin/../lib/json-simple-1.1.jar:bin/../lib/jvm-attach-api-1.5.jar:bin/../lib/log4j-over-slf4j-1.7.25.jar:bin/../lib/logback-classic-1.2.9.jar:bin/../lib/logback-core-1.2.9.jar:bin/../lib/lz4-java-1.8.0.jar:bin/../lib/metrics-core-3.1.5.jar:bin/../lib/metrics-jvm-3.1.5.jar:bin/../lib/metrics-logback-3.1.5.jar:bin/../lib/mxdump-0.14.jar:bin/../lib/netty-all-4.1.58.Final.jar:bin/../lib/netty-tcnative-boringssl-static-2.0.36.Final.jar:bin/../lib/ohc-core-0.5.1.jar:bin/../lib/ohc-core-j8-0.5.1.jar:bin/../lib/psjava-0.1.19.jar:bin/../lib/reporter-config-base-3.0.3.jar:bin/../lib/reporter-config3-3.0.3.jar:bin/../lib/sigar-1.6.4.jar:bin/../lib/sjk-cli-0.14.jar:bin/../lib/sjk-core-0.14.jar:bin/../lib/sjk-json-0.14.jar:bin/../lib/sjk-stacktrace-0.14.jar:bin/../lib/slf4j-api-1.7.25.jar:bin/../lib/snakeyaml-1.26.jar:bin/../lib/snappy-java-1.1.10.4.jar:bin/../lib/snowball-stemmer-1.3.0.581.1.jar:bin/../lib/stream-2.5.2.jar:bin/../lib/zstd-jni-1.5.5-1.jar:bin/../lib/jsr223/*/*.jar:
INFO  [main] 2024-06-07 12:06:08,479 CassandraDaemon.java:638 - JVM Arguments: [-ea, -da:net.openhft..., -XX:+UseThreadPriorities, -XX:+HeapDumpOnOutOfMemoryError, -Xss256k, -XX:+AlwaysPreTouch, -XX:-UseBiasedLocking, -XX:+UseTLAB, -XX:+ResizeTLAB, -XX:+UseNUMA, -XX:+PerfDisableSharedMem, -Djava.net.preferIPv4Stack=true, -XX:+UseConcMarkSweepGC, -XX:+CMSParallelRemarkEnabled, -XX:SurvivorRatio=8, -XX:MaxTenuringThreshold=1, -XX:CMSInitiatingOccupancyFraction=75, -XX:+UseCMSInitiatingOccupancyOnly, -XX:CMSWaitDuration=10000, -XX:+CMSParallelInitialMarkEnabled, -XX:+CMSEdenChunksRecordAlways, -XX:+CMSClassUnloadingEnabled, -Djdk.attach.allowAttachSelf=true, --add-exports=java.base/jdk.internal.misc=ALL-UNNAMED, --add-exports=java.base/jdk.internal.ref=ALL-UNNAMED, --add-exports=java.base/sun.nio.ch=ALL-UNNAMED, --add-exports=java.management.rmi/com.sun.jmx.remote.internal.rmi=ALL-UNNAMED, --add-exports=java.rmi/sun.rmi.registry=ALL-UNNAMED, --add-exports=java.rmi/sun.rmi.server=ALL-UNNAMED, --add-exports=java.sql/java.sql=ALL-UNNAMED, --add-opens=java.base/java.lang.module=ALL-UNNAMED, --add-opens=java.base/jdk.internal.loader=ALL-UNNAMED, --add-opens=java.base/jdk.internal.ref=ALL-UNNAMED, --add-opens=java.base/jdk.internal.reflect=ALL-UNNAMED, --add-opens=java.base/jdk.internal.math=ALL-UNNAMED, --add-opens=java.base/jdk.internal.module=ALL-UNNAMED, --add-opens=java.base/jdk.internal.util.jar=ALL-UNNAMED, --add-opens=jdk.management/com.sun.management.internal=ALL-UNNAMED, -Dio.netty.tryReflectionSetAccessible=true, -Xlog:gc=info,heap*=trace,age*=debug,safepoint=info,promotion*=trace:file=bin/../logs/gc.log:time,uptime,pid,tid,level:filecount=10,filesize=10485760, -Xms1463M, -Xmx1463M, -Xmn365M, -XX:+UseCondCardMark, -XX:CompileCommandFile=bin/../conf/hotspot_compiler, -javaagent:bin/../lib/jamm-0.3.2.jar, -Dcassandra.jmx.local.port=7199, -Dcom.sun.management.jmxremote.authenticate=false, -Dcom.sun.management.jmxremote.password.file=/etc/cassandra/jmxremote.password, -Djava.library.path=bin/../lib/sigar-bin, -XX:OnOutOfMemoryError=kill -9 %p, -Dlogback.configurationFile=logback.xml, -Dcassandra.logdir=bin/../logs, -Dcassandra.storagedir=bin/../data, -Dcassandra-foreground=yes]
WARN  [main] 2024-06-07 12:06:08,686 NativeLibrary.java:203 - Unable to lock JVM memory (ENOMEM). This can result in part of the JVM being swapped out, especially with mmapped I/O enabled. Increase RLIMIT_MEMLOCK.
INFO  [main] 2024-06-07 12:06:08,772 MonotonicClock.java:202 - Scheduling approximate time conversion task with an interval of 10000 milliseconds
INFO  [main] 2024-06-07 12:06:08,774 MonotonicClock.java:338 - Scheduling approximate time-check task with a precision of 2 milliseconds
WARN  [main] 2024-06-07 12:06:08,775 StartupChecks.java:143 - jemalloc shared library could not be preloaded to speed up memory allocations
WARN  [main] 2024-06-07 12:06:08,776 StartupChecks.java:187 - JMX is not enabled to receive remote connections. Please see cassandra-env.sh for more info.
INFO  [main] 2024-06-07 12:06:08,791 SigarLibrary.java:44 - Initializing SIGAR library
WARN  [main] 2024-06-07 12:06:08,821 SigarLibrary.java:174 - Cassandra server running in degraded mode. Is swap disabled? : false,  Address space adequate? : true,  nofile limit adequate? : true, nproc limit adequate? : false 
WARN  [main] 2024-06-07 12:06:08,822 StartupChecks.java:329 - Maximum number of memory map areas per process (vm.max_map_count) 65530 is too low, recommended value: 1048575, you can change it with sysctl.
INFO  [main] 2024-06-07 12:06:09,333 Keyspace.java:386 - Creating replication strategy system params KeyspaceParams{durable_writes=true, replication=ReplicationParams{class=org.apache.cassandra.locator.LocalStrategy}}
INFO  [main] 2024-06-07 12:06:09,403 ColumnFamilyStore.java:385 - Initializing system.IndexInfo
INFO  [main] 2024-06-07 12:06:10,603 ColumnFamilyStore.java:385 - Initializing system.batches
INFO  [main] 2024-06-07 12:06:10,620 ColumnFamilyStore.java:385 - Initializing system.paxos
INFO  [main] 2024-06-07 12:06:10,640 ColumnFamilyStore.java:385 - Initializing system.local
INFO  [main] 2024-06-07 12:06:10,653 ColumnFamilyStore.java:385 - Initializing system.peers_v2
INFO  [main] 2024-06-07 12:06:10,667 ColumnFamilyStore.java:385 - Initializing system.peers
INFO  [main] 2024-06-07 12:06:10,681 ColumnFamilyStore.java:385 - Initializing system.peer_events_v2
INFO  [main] 2024-06-07 12:06:10,688 ColumnFamilyStore.java:385 - Initializing system.peer_events
INFO  [main] 2024-06-07 12:06:10,700 ColumnFamilyStore.java:385 - Initializing system.compaction_history
INFO  [main] 2024-06-07 12:06:10,709 ColumnFamilyStore.java:385 - Initializing system.sstable_activity
INFO  [main] 2024-06-07 12:06:10,714 ColumnFamilyStore.java:385 - Initializing system.size_estimates
INFO  [main] 2024-06-07 12:06:10,726 ColumnFamilyStore.java:385 - Initializing system.table_estimates
INFO  [main] 2024-06-07 12:06:10,734 ColumnFamilyStore.java:385 - Initializing system.available_ranges_v2
INFO  [main] 2024-06-07 12:06:10,741 ColumnFamilyStore.java:385 - Initializing system.available_ranges
INFO  [main] 2024-06-07 12:06:10,748 ColumnFamilyStore.java:385 - Initializing system.transferred_ranges_v2
INFO  [main] 2024-06-07 12:06:10,758 ColumnFamilyStore.java:385 - Initializing system.transferred_ranges
INFO  [main] 2024-06-07 12:06:10,768 ColumnFamilyStore.java:385 - Initializing system.view_builds_in_progress
INFO  [main] 2024-06-07 12:06:10,778 ColumnFamilyStore.java:385 - Initializing system.built_views
INFO  [main] 2024-06-07 12:06:10,788 ColumnFamilyStore.java:385 - Initializing system.prepared_statements
INFO  [main] 2024-06-07 12:06:10,798 ColumnFamilyStore.java:385 - Initializing system.repairs
INFO  [main] 2024-06-07 12:06:10,968 QueryProcessor.java:115 - Initialized prepared statement caches with 10 MB
INFO  [main] 2024-06-07 12:06:11,142 Keyspace.java:386 - Creating replication strategy system_schema params KeyspaceParams{durable_writes=true, replication=ReplicationParams{class=org.apache.cassandra.locator.LocalStrategy}}
INFO  [main] 2024-06-07 12:06:11,159 ColumnFamilyStore.java:385 - Initializing system_schema.keyspaces
INFO  [main] 2024-06-07 12:06:11,164 ColumnFamilyStore.java:385 - Initializing system_schema.tables
INFO  [main] 2024-06-07 12:06:11,170 ColumnFamilyStore.java:385 - Initializing system_schema.columns
INFO  [main] 2024-06-07 12:06:11,175 ColumnFamilyStore.java:385 - Initializing system_schema.triggers
INFO  [main] 2024-06-07 12:06:11,183 ColumnFamilyStore.java:385 - Initializing system_schema.dropped_columns
INFO  [main] 2024-06-07 12:06:11,191 ColumnFamilyStore.java:385 - Initializing system_schema.views
INFO  [main] 2024-06-07 12:06:11,198 ColumnFamilyStore.java:385 - Initializing system_schema.types
INFO  [main] 2024-06-07 12:06:11,204 ColumnFamilyStore.java:385 - Initializing system_schema.functions
INFO  [main] 2024-06-07 12:06:11,212 ColumnFamilyStore.java:385 - Initializing system_schema.aggregates
INFO  [main] 2024-06-07 12:06:11,223 ColumnFamilyStore.java:385 - Initializing system_schema.indexes
WARN  [main] 2024-06-07 12:06:11,327 SystemKeyspace.java:1190 - No host ID found, created 9344a6fb-bae5-4c2a-9d5f-f8d229c9bb13 (Note: This should happen exactly once per node).
INFO  [main] 2024-06-07 12:06:11,330 ColumnFamilyStore.java:881 - Enqueuing flush of local: 1.746KiB (0%) on-heap, 0.000KiB (0%) off-heap
INFO  [PerDiskMemtableFlushWriter_0:1] 2024-06-07 12:06:11,500 Memtable.java:499 - Writing Memtable-local@1770546990(0.367KiB serialized bytes, 2 ops, 0%/0% of on/off-heap limit), flushed range = (null, null]
INFO  [PerDiskMemtableFlushWriter_0:1] 2024-06-07 12:06:11,506 Memtable.java:528 - Completed flushing /home/madhurjya/Personal_Projects/API_Kafka_Cassandra_Pipeline_0706/apache-cassandra-4.0.13/data/data/system/local-7ad54392bcdd35a684174e047860b377/nb-1-big-Data.db (0.183KiB) for commitlog position CommitLogPosition(segmentId=1717742168765, position=458)
INFO  [MemtableFlushWriter:1] 2024-06-07 12:06:11,971 LogTransaction.java:242 - Unfinished transaction log, deleting /home/madhurjya/Personal_Projects/API_Kafka_Cassandra_Pipeline_0706/apache-cassandra-4.0.13/data/data/system/local-7ad54392bcdd35a684174e047860b377/nb_txn_flush_3ae379b0-2498-11ef-a433-c7deedfbd8be.log 
INFO  [MemtableFlushWriter:1] 2024-06-07 12:06:11,995 CacheService.java:103 - Initializing key cache with capacity of 71 MBs.
INFO  [MemtableFlushWriter:1] 2024-06-07 12:06:12,016 CacheService.java:125 - Initializing row cache with capacity of 0 MBs
INFO  [MemtableFlushWriter:1] 2024-06-07 12:06:12,017 CacheService.java:154 - Initializing counter cache with capacity of 35 MBs
INFO  [MemtableFlushWriter:1] 2024-06-07 12:06:12,019 CacheService.java:165 - Scheduling counter cache save to every 7200 seconds (going to save all keys).
INFO  [main] 2024-06-07 12:06:12,059 SystemKeyspaceMigrator40.java:76 - system.peers_v2 table was empty, migrating legacy system.peers, if this fails you should fix the issue and then truncate system.peers_v2 to have it try again.
INFO  [main] 2024-06-07 12:06:12,071 SystemKeyspaceMigrator40.java:100 - Migrating rows from legacy system.peers to system.peers_v2
INFO  [main] 2024-06-07 12:06:12,078 SystemKeyspaceMigrator40.java:119 - Migrated 0 rows from legacy system.peers to system.peers_v2
INFO  [main] 2024-06-07 12:06:12,078 SystemKeyspaceMigrator40.java:129 - system.peer_events_v2 table was empty, migrating legacy system.peer_events to system.peer_events_v2
INFO  [main] 2024-06-07 12:06:12,079 SystemKeyspaceMigrator40.java:152 - Migrated 0 rows from legacy system.peer_events to system.peer_events_v2
INFO  [main] 2024-06-07 12:06:12,080 SystemKeyspaceMigrator40.java:162 - system.transferred_ranges_v2 table was empty, migrating legacy system.transferred_ranges to system.transferred_ranges_v2
INFO  [main] 2024-06-07 12:06:12,082 SystemKeyspaceMigrator40.java:190 - Migrated 0 rows from legacy system.transferred_ranges to system.transferred_ranges_v2
INFO  [main] 2024-06-07 12:06:12,083 SystemKeyspaceMigrator40.java:200 - system.available_ranges_v2 table was empty, migrating legacy system.available_ranges to system.available_ranges_v2
INFO  [main] 2024-06-07 12:06:12,086 SystemKeyspaceMigrator40.java:226 - Migrated 0 rows from legacy system.available_ranges to system.available_ranges_v2
INFO  [main] 2024-06-07 12:06:12,087 StorageService.java:926 - Populating token metadata from system tables
INFO  [main] 2024-06-07 12:06:12,113 BufferPools.java:49 - Global buffer pool limit is 356.000MiB for chunk-cache and 89.000MiB for networking
INFO  [main] 2024-06-07 12:06:12,158 StorageService.java:920 - Token metadata: 
INFO  [pool-3-thread-1] 2024-06-07 12:06:12,235 AutoSavingCache.java:177 - Completed loading (5 ms; 1 keys) KeyCache cache
INFO  [main] 2024-06-07 12:06:12,248 CommitLog.java:196 - No commitlog files found; skipping replay
INFO  [main] 2024-06-07 12:06:12,248 StorageService.java:926 - Populating token metadata from system tables
INFO  [main] 2024-06-07 12:06:12,267 StorageService.java:920 - Token metadata: 
INFO  [main] 2024-06-07 12:06:12,400 ColumnFamilyStore.java:2255 - Truncating system.size_estimates
INFO  [main] 2024-06-07 12:06:12,404 ColumnFamilyStore.java:2292 - Truncating system.size_estimates with truncatedAt=1717742172402
INFO  [main] 2024-06-07 12:06:12,418 ColumnFamilyStore.java:881 - Enqueuing flush of local: 0.708KiB (0%) on-heap, 0.000KiB (0%) off-heap
INFO  [PerDiskMemtableFlushWriter_0:2] 2024-06-07 12:06:12,506 Memtable.java:499 - Writing Memtable-local@1413764885(0.122KiB serialized bytes, 2 ops, 0%/0% of on/off-heap limit), flushed range = (null, null]
INFO  [PerDiskMemtableFlushWriter_0:2] 2024-06-07 12:06:12,507 Memtable.java:528 - Completed flushing /home/madhurjya/Personal_Projects/API_Kafka_Cassandra_Pipeline_0706/apache-cassandra-4.0.13/data/data/system/local-7ad54392bcdd35a684174e047860b377/nb-2-big-Data.db (0.082KiB) for commitlog position CommitLogPosition(segmentId=1717742168765, position=31295)
INFO  [MemtableFlushWriter:1] 2024-06-07 12:06:12,915 LogTransaction.java:242 - Unfinished transaction log, deleting /home/madhurjya/Personal_Projects/API_Kafka_Cassandra_Pipeline_0706/apache-cassandra-4.0.13/data/data/system/local-7ad54392bcdd35a684174e047860b377/nb_txn_flush_3b884530-2498-11ef-a433-c7deedfbd8be.log 
INFO  [main] 2024-06-07 12:06:12,936 ColumnFamilyStore.java:2319 - Truncate of system.size_estimates is complete
INFO  [main] 2024-06-07 12:06:12,937 ColumnFamilyStore.java:2255 - Truncating system.table_estimates
INFO  [main] 2024-06-07 12:06:12,940 ColumnFamilyStore.java:2292 - Truncating system.table_estimates with truncatedAt=1717742172940
INFO  [main] 2024-06-07 12:06:12,942 ColumnFamilyStore.java:881 - Enqueuing flush of local: 0.575KiB (0%) on-heap, 0.000KiB (0%) off-heap
INFO  [PerDiskMemtableFlushWriter_0:1] 2024-06-07 12:06:13,019 Memtable.java:499 - Writing Memtable-local@997263761(0.091KiB serialized bytes, 1 ops, 0%/0% of on/off-heap limit), flushed range = (null, null]
INFO  [PerDiskMemtableFlushWriter_0:1] 2024-06-07 12:06:13,019 Memtable.java:528 - Completed flushing /home/madhurjya/Personal_Projects/API_Kafka_Cassandra_Pipeline_0706/apache-cassandra-4.0.13/data/data/system/local-7ad54392bcdd35a684174e047860b377/nb-3-big-Data.db (0.063KiB) for commitlog position CommitLogPosition(segmentId=1717742168765, position=31406)
INFO  [MemtableFlushWriter:1] 2024-06-07 12:06:13,460 LogTransaction.java:242 - Unfinished transaction log, deleting /home/madhurjya/Personal_Projects/API_Kafka_Cassandra_Pipeline_0706/apache-cassandra-4.0.13/data/data/system/local-7ad54392bcdd35a684174e047860b377/nb_txn_flush_3bd839f0-2498-11ef-a433-c7deedfbd8be.log 
INFO  [main] 2024-06-07 12:06:13,479 ColumnFamilyStore.java:2319 - Truncate of system.table_estimates is complete
INFO  [main] 2024-06-07 12:06:13,487 QueryProcessor.java:167 - Preloaded 0 prepared statements
INFO  [main] 2024-06-07 12:06:13,488 StorageService.java:824 - Cassandra version: 4.0.13
INFO  [main] 2024-06-07 12:06:13,488 StorageService.java:825 - CQL version: 3.4.5
INFO  [main] 2024-06-07 12:06:13,489 StorageService.java:826 - Native protocol supported versions: 3/v3, 4/v4, 5/v5, 6/v6-beta (default: 5/v5)
INFO  [main] 2024-06-07 12:06:13,528 IndexSummaryManager.java:83 - Initializing index summary manager with a memory pool size of 71 MB and a resize interval of 60 minutes
INFO  [main] 2024-06-07 12:06:13,530 StorageService.java:843 - Loading persisted ring state
INFO  [main] 2024-06-07 12:06:13,530 StorageService.java:926 - Populating token metadata from system tables
INFO  [main] 2024-06-07 12:06:13,737 InboundConnectionInitiator.java:127 - Listening on address: (localhost/127.0.0.1:7000), nic: lo, encryption: unencrypted
INFO  [main] 2024-06-07 12:06:13,819 StorageService.java:741 - Unable to gossip with any peers but continuing anyway since node is in its own seed list
INFO  [main] 2024-06-07 12:06:13,841 StorageService.java:1048 - Starting up server gossip
INFO  [main] 2024-06-07 12:06:13,847 ColumnFamilyStore.java:881 - Enqueuing flush of local: 0.458KiB (0%) on-heap, 0.000KiB (0%) off-heap
INFO  [PerDiskMemtableFlushWriter_0:2] 2024-06-07 12:06:13,928 Memtable.java:499 - Writing Memtable-local@1518580717(0.048KiB serialized bytes, 1 ops, 0%/0% of on/off-heap limit), flushed range = (null, null]
INFO  [PerDiskMemtableFlushWriter_0:2] 2024-06-07 12:06:13,929 Memtable.java:528 - Completed flushing /home/madhurjya/Personal_Projects/API_Kafka_Cassandra_Pipeline_0706/apache-cassandra-4.0.13/data/data/system/local-7ad54392bcdd35a684174e047860b377/nb-4-big-Data.db (0.028KiB) for commitlog position CommitLogPosition(segmentId=1717742168765, position=31487)
INFO  [MemtableFlushWriter:2] 2024-06-07 12:06:14,372 LogTransaction.java:242 - Unfinished transaction log, deleting /home/madhurjya/Personal_Projects/API_Kafka_Cassandra_Pipeline_0706/apache-cassandra-4.0.13/data/data/system/local-7ad54392bcdd35a684174e047860b377/nb_txn_flush_3c625180-2498-11ef-a433-c7deedfbd8be.log 
INFO  [main] 2024-06-07 12:06:14,442 StorageService.java:1138 - This node will not auto bootstrap because it is configured to be a seed node.
INFO  [main] 2024-06-07 12:06:44,458 TokenAllocatorFactory.java:44 - Using ReplicationAwareTokenAllocator.
INFO  [main] 2024-06-07 12:06:44,578 TokenAllocation.java:106 - Selected tokens [-8687182524249507698, 2521224984478575218, -2289124974763324215, 6868517168075969079, -4886293722976481587, 585551226295201202, 5032993830721191269, -6476298275490380225, 8680188742012442259, -510490673939737086, -3267270427279438290, 3961493214381158456, -7443662518568915724, 1676848336987413461, 6050845235463618284, 7944273049301548618]
INFO  [MigrationStage:1] 2024-06-07 12:06:44,635 ColumnFamilyStore.java:881 - Enqueuing flush of columns: 200.121KiB (0%) on-heap, 0.000KiB (0%) off-heap
INFO  [PerDiskMemtableFlushWriter_0:1] 2024-06-07 12:06:44,914 Memtable.java:499 - Writing Memtable-columns@1675981219(41.994KiB serialized bytes, 277 ops, 0%/0% of on/off-heap limit), flushed range = (null, null]
INFO  [PerDiskMemtableFlushWriter_0:1] 2024-06-07 12:06:44,933 Memtable.java:528 - Completed flushing /home/madhurjya/Personal_Projects/API_Kafka_Cassandra_Pipeline_0706/apache-cassandra-4.0.13/data/data/system_schema/columns-24101c25a2ae3af787c1b40ee1aca33f/nb-1-big-Data.db (20.847KiB) for commitlog position CommitLogPosition(segmentId=1717742168765, position=42113)
INFO  [MemtableFlushWriter:1] 2024-06-07 12:06:45,373 LogTransaction.java:242 - Unfinished transaction log, deleting /home/madhurjya/Personal_Projects/API_Kafka_Cassandra_Pipeline_0706/apache-cassandra-4.0.13/data/data/system_schema/columns-24101c25a2ae3af787c1b40ee1aca33f/nb_txn_flush_4ebc31c0-2498-11ef-a433-c7deedfbd8be.log 
INFO  [MigrationStage:1] 2024-06-07 12:06:45,392 ColumnFamilyStore.java:881 - Enqueuing flush of dropped_columns: 1.079KiB (0%) on-heap, 0.000KiB (0%) off-heap
INFO  [PerDiskMemtableFlushWriter_0:2] 2024-06-07 12:06:45,458 Memtable.java:499 - Writing Memtable-dropped_columns@1589394533(0.120KiB serialized bytes, 3 ops, 0%/0% of on/off-heap limit), flushed range = (null, null]
INFO  [PerDiskMemtableFlushWriter_0:2] 2024-06-07 12:06:45,459 Memtable.java:528 - Completed flushing /home/madhurjya/Personal_Projects/API_Kafka_Cassandra_Pipeline_0706/apache-cassandra-4.0.13/data/data/system_schema/dropped_columns-5e7583b5f3f43af19a39b7e1d6f5f11f/nb-1-big-Data.db (0.097KiB) for commitlog position CommitLogPosition(segmentId=1717742168765, position=42121)
INFO  [MemtableFlushWriter:2] 2024-06-07 12:06:45,834 LogTransaction.java:242 - Unfinished transaction log, deleting /home/madhurjya/Personal_Projects/API_Kafka_Cassandra_Pipeline_0706/apache-cassandra-4.0.13/data/data/system_schema/dropped_columns-5e7583b5f3f43af19a39b7e1d6f5f11f/nb_txn_flush_4f2fb410-2498-11ef-a433-c7deedfbd8be.log 
INFO  [MigrationStage:1] 2024-06-07 12:06:45,852 ColumnFamilyStore.java:881 - Enqueuing flush of triggers: 0.511KiB (0%) on-heap, 0.000KiB (0%) off-heap
INFO  [PerDiskMemtableFlushWriter_0:1] 2024-06-07 12:06:45,920 Memtable.java:499 - Writing Memtable-triggers@1162594656(0.016KiB serialized bytes, 2 ops, 0%/0% of on/off-heap limit), flushed range = (null, null]
INFO  [PerDiskMemtableFlushWriter_0:1] 2024-06-07 12:06:45,921 Memtable.java:528 - Completed flushing /home/madhurjya/Personal_Projects/API_Kafka_Cassandra_Pipeline_0706/apache-cassandra-4.0.13/data/data/system_schema/triggers-4df70b666b05325195a132b54005fd48/nb-1-big-Data.db (0.048KiB) for commitlog position CommitLogPosition(segmentId=1717742168765, position=42121)
INFO  [MemtableFlushWriter:1] 2024-06-07 12:06:46,348 LogTransaction.java:242 - Unfinished transaction log, deleting /home/madhurjya/Personal_Projects/API_Kafka_Cassandra_Pipeline_0706/apache-cassandra-4.0.13/data/data/system_schema/triggers-4df70b666b05325195a132b54005fd48/nb_txn_flush_4f75e4d0-2498-11ef-a433-c7deedfbd8be.log 
INFO  [MigrationStage:1] 2024-06-07 12:06:46,383 ColumnFamilyStore.java:881 - Enqueuing flush of types: 0.511KiB (0%) on-heap, 0.000KiB (0%) off-heap
INFO  [PerDiskMemtableFlushWriter_0:2] 2024-06-07 12:06:46,622 Memtable.java:499 - Writing Memtable-types@465484246(0.016KiB serialized bytes, 2 ops, 0%/0% of on/off-heap limit), flushed range = (null, null]
INFO  [PerDiskMemtableFlushWriter_0:2] 2024-06-07 12:06:46,623 Memtable.java:528 - Completed flushing /home/madhurjya/Personal_Projects/API_Kafka_Cassandra_Pipeline_0706/apache-cassandra-4.0.13/data/data/system_schema/types-5a8b1ca866023f77a0459273d308917a/nb-1-big-Data.db (0.048KiB) for commitlog position CommitLogPosition(segmentId=1717742168765, position=42121)
INFO  [MemtableFlushWriter:2] 2024-06-07 12:06:47,006 LogTransaction.java:242 - Unfinished transaction log, deleting /home/madhurjya/Personal_Projects/API_Kafka_Cassandra_Pipeline_0706/apache-cassandra-4.0.13/data/data/system_schema/types-5a8b1ca866023f77a0459273d308917a/nb_txn_flush_4fc73920-2498-11ef-a433-c7deedfbd8be.log 
INFO  [MigrationStage:1] 2024-06-07 12:06:47,025 ColumnFamilyStore.java:881 - Enqueuing flush of functions: 0.511KiB (0%) on-heap, 0.000KiB (0%) off-heap
INFO  [PerDiskMemtableFlushWriter_0:1] 2024-06-07 12:06:47,099 Memtable.java:499 - Writing Memtable-functions@548857297(0.016KiB serialized bytes, 2 ops, 0%/0% of on/off-heap limit), flushed range = (null, null]
INFO  [PerDiskMemtableFlushWriter_0:1] 2024-06-07 12:06:47,100 Memtable.java:528 - Completed flushing /home/madhurjya/Personal_Projects/API_Kafka_Cassandra_Pipeline_0706/apache-cassandra-4.0.13/data/data/system_schema/functions-96489b7980be3e14a70166a0b9159450/nb-1-big-Data.db (0.048KiB) for commitlog position CommitLogPosition(segmentId=1717742168765, position=42121)
INFO  [MemtableFlushWriter:1] 2024-06-07 12:06:47,484 LogTransaction.java:242 - Unfinished transaction log, deleting /home/madhurjya/Personal_Projects/API_Kafka_Cassandra_Pipeline_0706/apache-cassandra-4.0.13/data/data/system_schema/functions-96489b7980be3e14a70166a0b9159450/nb_txn_flush_5028e120-2498-11ef-a433-c7deedfbd8be.log 
INFO  [MigrationStage:1] 2024-06-07 12:06:47,503 ColumnFamilyStore.java:881 - Enqueuing flush of aggregates: 0.511KiB (0%) on-heap, 0.000KiB (0%) off-heap
INFO  [PerDiskMemtableFlushWriter_0:2] 2024-06-07 12:06:47,569 Memtable.java:499 - Writing Memtable-aggregates@1840560459(0.016KiB serialized bytes, 2 ops, 0%/0% of on/off-heap limit), flushed range = (null, null]
INFO  [PerDiskMemtableFlushWriter_0:2] 2024-06-07 12:06:47,572 Memtable.java:528 - Completed flushing /home/madhurjya/Personal_Projects/API_Kafka_Cassandra_Pipeline_0706/apache-cassandra-4.0.13/data/data/system_schema/aggregates-924c55872e3a345bb10c12f37c1ba895/nb-1-big-Data.db (0.048KiB) for commitlog position CommitLogPosition(segmentId=1717742168765, position=42121)
INFO  [MemtableFlushWriter:2] 2024-06-07 12:06:47,988 LogTransaction.java:242 - Unfinished transaction log, deleting /home/madhurjya/Personal_Projects/API_Kafka_Cassandra_Pipeline_0706/apache-cassandra-4.0.13/data/data/system_schema/aggregates-924c55872e3a345bb10c12f37c1ba895/nb_txn_flush_5071d100-2498-11ef-a433-c7deedfbd8be.log 
INFO  [MigrationStage:1] 2024-06-07 12:06:48,006 ColumnFamilyStore.java:881 - Enqueuing flush of indexes: 0.511KiB (0%) on-heap, 0.000KiB (0%) off-heap
INFO  [PerDiskMemtableFlushWriter_0:1] 2024-06-07 12:06:48,072 Memtable.java:499 - Writing Memtable-indexes@330849751(0.016KiB serialized bytes, 2 ops, 0%/0% of on/off-heap limit), flushed range = (null, null]
INFO  [PerDiskMemtableFlushWriter_0:1] 2024-06-07 12:06:48,074 Memtable.java:528 - Completed flushing /home/madhurjya/Personal_Projects/API_Kafka_Cassandra_Pipeline_0706/apache-cassandra-4.0.13/data/data/system_schema/indexes-0feb57ac311f382fba6d9024d305702f/nb-1-big-Data.db (0.048KiB) for commitlog position CommitLogPosition(segmentId=1717742168765, position=42121)
INFO  [MemtableFlushWriter:1] 2024-06-07 12:06:48,473 LogTransaction.java:242 - Unfinished transaction log, deleting /home/madhurjya/Personal_Projects/API_Kafka_Cassandra_Pipeline_0706/apache-cassandra-4.0.13/data/data/system_schema/indexes-0feb57ac311f382fba6d9024d305702f/nb_txn_flush_50be9170-2498-11ef-a433-c7deedfbd8be.log 
INFO  [MigrationStage:1] 2024-06-07 12:06:48,492 ColumnFamilyStore.java:881 - Enqueuing flush of tables: 92.656KiB (0%) on-heap, 0.000KiB (0%) off-heap
INFO  [PerDiskMemtableFlushWriter_0:2] 2024-06-07 12:06:48,566 Memtable.java:499 - Writing Memtable-tables@720331723(28.858KiB serialized bytes, 42 ops, 0%/0% of on/off-heap limit), flushed range = (null, null]
INFO  [PerDiskMemtableFlushWriter_0:2] 2024-06-07 12:06:48,572 Memtable.java:528 - Completed flushing /home/madhurjya/Personal_Projects/API_Kafka_Cassandra_Pipeline_0706/apache-cassandra-4.0.13/data/data/system_schema/tables-afddfb9dbc1e30688056eed6c302ba09/nb-1-big-Data.db (17.879KiB) for commitlog position CommitLogPosition(segmentId=1717742168765, position=42121)
INFO  [MemtableFlushWriter:2] 2024-06-07 12:06:49,035 LogTransaction.java:242 - Unfinished transaction log, deleting /home/madhurjya/Personal_Projects/API_Kafka_Cassandra_Pipeline_0706/apache-cassandra-4.0.13/data/data/system_schema/tables-afddfb9dbc1e30688056eed6c302ba09/nb_txn_flush_5108e0e0-2498-11ef-a433-c7deedfbd8be.log 
INFO  [MigrationStage:1] 2024-06-07 12:06:49,053 ColumnFamilyStore.java:881 - Enqueuing flush of views: 0.511KiB (0%) on-heap, 0.000KiB (0%) off-heap
INFO  [PerDiskMemtableFlushWriter_0:1] 2024-06-07 12:06:49,128 Memtable.java:499 - Writing Memtable-views@1528323690(0.016KiB serialized bytes, 2 ops, 0%/0% of on/off-heap limit), flushed range = (null, null]
INFO  [PerDiskMemtableFlushWriter_0:1] 2024-06-07 12:06:49,128 Memtable.java:528 - Completed flushing /home/madhurjya/Personal_Projects/API_Kafka_Cassandra_Pipeline_0706/apache-cassandra-4.0.13/data/data/system_schema/views-9786ac1cdd583201a7cdad556410c985/nb-1-big-Data.db (0.048KiB) for commitlog position CommitLogPosition(segmentId=1717742168765, position=42121)
INFO  [MemtableFlushWriter:1] 2024-06-07 12:06:49,522 LogTransaction.java:242 - Unfinished transaction log, deleting /home/madhurjya/Personal_Projects/API_Kafka_Cassandra_Pipeline_0706/apache-cassandra-4.0.13/data/data/system_schema/views-9786ac1cdd583201a7cdad556410c985/nb_txn_flush_515e7af0-2498-11ef-a433-c7deedfbd8be.log 
INFO  [MigrationStage:1] 2024-06-07 12:06:49,540 ColumnFamilyStore.java:881 - Enqueuing flush of keyspaces: 3.243KiB (0%) on-heap, 0.000KiB (0%) off-heap
INFO  [PerDiskMemtableFlushWriter_0:2] 2024-06-07 12:06:49,606 Memtable.java:499 - Writing Memtable-keyspaces@353320423(0.673KiB serialized bytes, 7 ops, 0%/0% of on/off-heap limit), flushed range = (null, null]
INFO  [PerDiskMemtableFlushWriter_0:2] 2024-06-07 12:06:49,607 Memtable.java:528 - Completed flushing /home/madhurjya/Personal_Projects/API_Kafka_Cassandra_Pipeline_0706/apache-cassandra-4.0.13/data/data/system_schema/keyspaces-abac5682dea631c5b535b3d6cffd0fb6/nb-1-big-Data.db (0.556KiB) for commitlog position CommitLogPosition(segmentId=1717742168765, position=42121)
INFO  [MemtableFlushWriter:2] 2024-06-07 12:06:49,974 LogTransaction.java:242 - Unfinished transaction log, deleting /home/madhurjya/Personal_Projects/API_Kafka_Cassandra_Pipeline_0706/apache-cassandra-4.0.13/data/data/system_schema/keyspaces-abac5682dea631c5b535b3d6cffd0fb6/nb_txn_flush_51a8a350-2498-11ef-a433-c7deedfbd8be.log 
INFO  [MigrationStage:1] 2024-06-07 12:06:50,163 Keyspace.java:386 - Creating replication strategy system_auth params KeyspaceParams{durable_writes=true, replication=ReplicationParams{class=org.apache.cassandra.locator.SimpleStrategy, replication_factor=1}}
INFO  [MigrationStage:1] 2024-06-07 12:06:50,167 ColumnFamilyStore.java:385 - Initializing system_auth.network_permissions
INFO  [MigrationStage:1] 2024-06-07 12:06:50,180 ColumnFamilyStore.java:385 - Initializing system_auth.resource_role_permissons_index
INFO  [MigrationStage:1] 2024-06-07 12:06:50,196 ColumnFamilyStore.java:385 - Initializing system_auth.role_members
INFO  [MigrationStage:1] 2024-06-07 12:06:50,206 ColumnFamilyStore.java:385 - Initializing system_auth.role_permissions
INFO  [MigrationStage:1] 2024-06-07 12:06:50,214 ColumnFamilyStore.java:385 - Initializing system_auth.roles
INFO  [MigrationStage:1] 2024-06-07 12:06:50,240 Keyspace.java:386 - Creating replication strategy system_distributed params KeyspaceParams{durable_writes=true, replication=ReplicationParams{class=org.apache.cassandra.locator.SimpleStrategy, replication_factor=3}}
INFO  [MigrationStage:1] 2024-06-07 12:06:50,243 ColumnFamilyStore.java:385 - Initializing system_distributed.parent_repair_history
INFO  [MigrationStage:1] 2024-06-07 12:06:50,254 ColumnFamilyStore.java:385 - Initializing system_distributed.repair_history
INFO  [MigrationStage:1] 2024-06-07 12:06:50,261 ColumnFamilyStore.java:385 - Initializing system_distributed.view_build_status
INFO  [MigrationStage:1] 2024-06-07 12:06:50,266 Keyspace.java:386 - Creating replication strategy system_traces params KeyspaceParams{durable_writes=true, replication=ReplicationParams{class=org.apache.cassandra.locator.SimpleStrategy, replication_factor=2}}
INFO  [MigrationStage:1] 2024-06-07 12:06:50,269 ColumnFamilyStore.java:385 - Initializing system_traces.events
INFO  [MigrationStage:1] 2024-06-07 12:06:50,275 ColumnFamilyStore.java:385 - Initializing system_traces.sessions
INFO  [main] 2024-06-07 12:06:50,320 StorageService.java:1732 - JOINING: Finish joining ring
INFO  [main] 2024-06-07 12:06:50,330 ColumnFamilyStore.java:881 - Enqueuing flush of local: 0.588KiB (0%) on-heap, 0.000KiB (0%) off-heap
INFO  [PerDiskMemtableFlushWriter_0:1] 2024-06-07 12:06:50,401 Memtable.java:499 - Writing Memtable-local@1073974432(0.084KiB serialized bytes, 3 ops, 0%/0% of on/off-heap limit), flushed range = (null, null]
INFO  [PerDiskMemtableFlushWriter_0:1] 2024-06-07 12:06:50,402 Memtable.java:528 - Completed flushing /home/madhurjya/Personal_Projects/API_Kafka_Cassandra_Pipeline_0706/apache-cassandra-4.0.13/data/data/system/local-7ad54392bcdd35a684174e047860b377/nb-5-big-Data.db (0.058KiB) for commitlog position CommitLogPosition(segmentId=1717742168765, position=42277)
INFO  [MemtableFlushWriter:1] 2024-06-07 12:06:50,810 LogTransaction.java:242 - Unfinished transaction log, deleting /home/madhurjya/Personal_Projects/API_Kafka_Cassandra_Pipeline_0706/apache-cassandra-4.0.13/data/data/system/local-7ad54392bcdd35a684174e047860b377/nb_txn_flush_52212eb0-2498-11ef-a433-c7deedfbd8be.log 
INFO  [main] 2024-06-07 12:06:50,843 ColumnFamilyStore.java:881 - Enqueuing flush of local: 3.404KiB (0%) on-heap, 0.000KiB (0%) off-heap
INFO  [PerDiskMemtableFlushWriter_0:2] 2024-06-07 12:06:50,912 Memtable.java:499 - Writing Memtable-local@2073118361(0.592KiB serialized bytes, 1 ops, 0%/0% of on/off-heap limit), flushed range = (null, null]
INFO  [PerDiskMemtableFlushWriter_0:2] 2024-06-07 12:06:50,913 Memtable.java:528 - Completed flushing /home/madhurjya/Personal_Projects/API_Kafka_Cassandra_Pipeline_0706/apache-cassandra-4.0.13/data/data/system/local-7ad54392bcdd35a684174e047860b377/nb-6-big-Data.db (0.360KiB) for commitlog position CommitLogPosition(segmentId=1717742168765, position=42690)
INFO  [MemtableFlushWriter:2] 2024-06-07 12:06:51,347 LogTransaction.java:242 - Unfinished transaction log, deleting /home/madhurjya/Personal_Projects/API_Kafka_Cassandra_Pipeline_0706/apache-cassandra-4.0.13/data/data/system/local-7ad54392bcdd35a684174e047860b377/nb_txn_flush_526f9cd0-2498-11ef-a433-c7deedfbd8be.log 
INFO  [main] 2024-06-07 12:06:51,381 StorageService.java:2913 - Node localhost/127.0.0.1:7000 state jump to NORMAL
INFO  [main] 2024-06-07 12:06:51,466 NativeTransportService.java:130 - Using Netty Version: [netty-buffer=netty-buffer-4.1.58.Final.10b03e6, netty-codec=netty-codec-4.1.58.Final.10b03e6, netty-codec-dns=netty-codec-dns-4.1.58.Final.10b03e6, netty-codec-haproxy=netty-codec-haproxy-4.1.58.Final.10b03e6, netty-codec-http=netty-codec-http-4.1.58.Final.10b03e6, netty-codec-http2=netty-codec-http2-4.1.58.Final.10b03e6, netty-codec-memcache=netty-codec-memcache-4.1.58.Final.10b03e6, netty-codec-mqtt=netty-codec-mqtt-4.1.58.Final.10b03e6, netty-codec-redis=netty-codec-redis-4.1.58.Final.10b03e6, netty-codec-smtp=netty-codec-smtp-4.1.58.Final.10b03e6, netty-codec-socks=netty-codec-socks-4.1.58.Final.10b03e6, netty-codec-stomp=netty-codec-stomp-4.1.58.Final.10b03e6, netty-codec-xml=netty-codec-xml-4.1.58.Final.10b03e6, netty-common=netty-common-4.1.58.Final.10b03e6, netty-handler=netty-handler-4.1.58.Final.10b03e6, netty-handler-proxy=netty-handler-proxy-4.1.58.Final.10b03e6, netty-resolver=netty-resolver-4.1.58.Final.10b03e6, netty-resolver-dns=netty-resolver-dns-4.1.58.Final.10b03e6, netty-resolver-dns-native-macos=netty-resolver-dns-native-macos-4.1.58.Final.10b03e65f1, netty-transport=netty-transport-4.1.58.Final.10b03e6, netty-transport-native-epoll=netty-transport-native-epoll-4.1.58.Final.10b03e6, netty-transport-native-kqueue=netty-transport-native-kqueue-4.1.58.Final.10b03e65f1, netty-transport-native-unix-common=netty-transport-native-unix-common-4.1.58.Final.10b03e6, netty-transport-rxtx=netty-transport-rxtx-4.1.58.Final.10b03e6, netty-transport-sctp=netty-transport-sctp-4.1.58.Final.10b03e6, netty-transport-udt=netty-transport-udt-4.1.58.Final.10b03e6]
INFO  [CompactionExecutor:2] 2024-06-07 12:06:51,468 CompactionTask.java:157 - Compacting (52c95590-2498-11ef-a433-c7deedfbd8be) [/home/madhurjya/Personal_Projects/API_Kafka_Cassandra_Pipeline_0706/apache-cassandra-4.0.13/data/data/system/local-7ad54392bcdd35a684174e047860b377/nb-1-big-Data.db:level=0, /home/madhurjya/Personal_Projects/API_Kafka_Cassandra_Pipeline_0706/apache-cassandra-4.0.13/data/data/system/local-7ad54392bcdd35a684174e047860b377/nb-6-big-Data.db:level=0, /home/madhurjya/Personal_Projects/API_Kafka_Cassandra_Pipeline_0706/apache-cassandra-4.0.13/data/data/system/local-7ad54392bcdd35a684174e047860b377/nb-5-big-Data.db:level=0, /home/madhurjya/Personal_Projects/API_Kafka_Cassandra_Pipeline_0706/apache-cassandra-4.0.13/data/data/system/local-7ad54392bcdd35a684174e047860b377/nb-4-big-Data.db:level=0, /home/madhurjya/Personal_Projects/API_Kafka_Cassandra_Pipeline_0706/apache-cassandra-4.0.13/data/data/system/local-7ad54392bcdd35a684174e047860b377/nb-3-big-Data.db:level=0, /home/madhurjya/Personal_Projects/API_Kafka_Cassandra_Pipeline_0706/apache-cassandra-4.0.13/data/data/system/local-7ad54392bcdd35a684174e047860b377/nb-2-big-Data.db:level=0, ]
INFO  [main] 2024-06-07 12:06:51,482 NativeTransportService.java:68 - Netty using native Epoll event loop
INFO  [main] 2024-06-07 12:06:51,576 PipelineConfigurator.java:124 - Using Netty Version: [netty-buffer=netty-buffer-4.1.58.Final.10b03e6, netty-codec=netty-codec-4.1.58.Final.10b03e6, netty-codec-dns=netty-codec-dns-4.1.58.Final.10b03e6, netty-codec-haproxy=netty-codec-haproxy-4.1.58.Final.10b03e6, netty-codec-http=netty-codec-http-4.1.58.Final.10b03e6, netty-codec-http2=netty-codec-http2-4.1.58.Final.10b03e6, netty-codec-memcache=netty-codec-memcache-4.1.58.Final.10b03e6, netty-codec-mqtt=netty-codec-mqtt-4.1.58.Final.10b03e6, netty-codec-redis=netty-codec-redis-4.1.58.Final.10b03e6, netty-codec-smtp=netty-codec-smtp-4.1.58.Final.10b03e6, netty-codec-socks=netty-codec-socks-4.1.58.Final.10b03e6, netty-codec-stomp=netty-codec-stomp-4.1.58.Final.10b03e6, netty-codec-xml=netty-codec-xml-4.1.58.Final.10b03e6, netty-common=netty-common-4.1.58.Final.10b03e6, netty-handler=netty-handler-4.1.58.Final.10b03e6, netty-handler-proxy=netty-handler-proxy-4.1.58.Final.10b03e6, netty-resolver=netty-resolver-4.1.58.Final.10b03e6, netty-resolver-dns=netty-resolver-dns-4.1.58.Final.10b03e6, netty-resolver-dns-native-macos=netty-resolver-dns-native-macos-4.1.58.Final.10b03e65f1, netty-transport=netty-transport-4.1.58.Final.10b03e6, netty-transport-native-epoll=netty-transport-native-epoll-4.1.58.Final.10b03e6, netty-transport-native-kqueue=netty-transport-native-kqueue-4.1.58.Final.10b03e65f1, netty-transport-native-unix-common=netty-transport-native-unix-common-4.1.58.Final.10b03e6, netty-transport-rxtx=netty-transport-rxtx-4.1.58.Final.10b03e6, netty-transport-sctp=netty-transport-sctp-4.1.58.Final.10b03e6, netty-transport-udt=netty-transport-udt-4.1.58.Final.10b03e6]
INFO  [main] 2024-06-07 12:06:51,577 PipelineConfigurator.java:125 - Starting listening for CQL clients on localhost/127.0.0.1:9042 (unencrypted)...
INFO  [main] 2024-06-07 12:06:51,581 CassandraDaemon.java:776 - Startup complete
INFO  [CompactionExecutor:2] 2024-06-07 12:06:52,283 CompactionTask.java:249 - Compacted (task id: 52c95590-2498-11ef-a433-c7deedfbd8be, compaction history id: 534a9380-2498-11ef-a433-c7deedfbd8be) 6 sstables to [/home/madhurjya/Personal_Projects/API_Kafka_Cassandra_Pipeline_0706/apache-cassandra-4.0.13/data/data/system/local-7ad54392bcdd35a684174e047860b377/nb-7-big,] to level=0.  0.794KiB to 0.625KiB (~78% of original) in 811ms.  Read Throughput = 0.978KiB/s, Write Throughput = 0.770KiB/s, Row Throughput = ~2/s.  6 total partitions merged to 1.  Partition merge counts were {6:1, }
INFO  [NonPeriodicTasks:1] 2024-06-07 12:06:52,285 SSTable.java:111 - Deleting sstable: /home/madhurjya/Personal_Projects/API_Kafka_Cassandra_Pipeline_0706/apache-cassandra-4.0.13/data/data/system/local-7ad54392bcdd35a684174e047860b377/nb-1-big
INFO  [NonPeriodicTasks:1] 2024-06-07 12:06:52,289 SSTable.java:111 - Deleting sstable: /home/madhurjya/Personal_Projects/API_Kafka_Cassandra_Pipeline_0706/apache-cassandra-4.0.13/data/data/system/local-7ad54392bcdd35a684174e047860b377/nb-6-big
INFO  [NonPeriodicTasks:1] 2024-06-07 12:06:52,292 SSTable.java:111 - Deleting sstable: /home/madhurjya/Personal_Projects/API_Kafka_Cassandra_Pipeline_0706/apache-cassandra-4.0.13/data/data/system/local-7ad54392bcdd35a684174e047860b377/nb-5-big
INFO  [NonPeriodicTasks:1] 2024-06-07 12:06:52,295 SSTable.java:111 - Deleting sstable: /home/madhurjya/Personal_Projects/API_Kafka_Cassandra_Pipeline_0706/apache-cassandra-4.0.13/data/data/system/local-7ad54392bcdd35a684174e047860b377/nb-4-big
INFO  [NonPeriodicTasks:1] 2024-06-07 12:06:52,298 SSTable.java:111 - Deleting sstable: /home/madhurjya/Personal_Projects/API_Kafka_Cassandra_Pipeline_0706/apache-cassandra-4.0.13/data/data/system/local-7ad54392bcdd35a684174e047860b377/nb-3-big
INFO  [NonPeriodicTasks:1] 2024-06-07 12:06:52,301 SSTable.java:111 - Deleting sstable: /home/madhurjya/Personal_Projects/API_Kafka_Cassandra_Pipeline_0706/apache-cassandra-4.0.13/data/data/system/local-7ad54392bcdd35a684174e047860b377/nb-2-big
INFO  [OptionalTasks:1] 2024-06-07 12:07:01,550 CassandraRoleManager.java:339 - Created default superuser role 'cassandra'
INFO  [MigrationStage:1] 2024-06-07 12:08:51,251 ColumnFamilyStore.java:881 - Enqueuing flush of keyspaces: 0.645KiB (0%) on-heap, 0.000KiB (0%) off-heap
INFO  [PerDiskMemtableFlushWriter_0:3] 2024-06-07 12:08:51,324 Memtable.java:499 - Writing Memtable-keyspaces@230704846(0.146KiB serialized bytes, 1 ops, 0%/0% of on/off-heap limit), flushed range = (min(-9223372036854775808), max(9223372036854775807)]
INFO  [PerDiskMemtableFlushWriter_0:3] 2024-06-07 12:08:51,326 Memtable.java:528 - Completed flushing /home/madhurjya/Personal_Projects/API_Kafka_Cassandra_Pipeline_0706/apache-cassandra-4.0.13/data/data/system_schema/keyspaces-abac5682dea631c5b535b3d6cffd0fb6/nb-2-big-Data.db (0.123KiB) for commitlog position CommitLogPosition(segmentId=1717742168765, position=43695)
INFO  [MigrationStage:1] 2024-06-07 12:08:51,786 Keyspace.java:386 - Creating replication strategy weather_keyspace params KeyspaceParams{durable_writes=true, replication=ReplicationParams{class=org.apache.cassandra.locator.SimpleStrategy, replication_factor=1}}
INFO  [MigrationStage:1] 2024-06-07 12:09:24,342 ColumnFamilyStore.java:881 - Enqueuing flush of columns: 3.822KiB (0%) on-heap, 0.000KiB (0%) off-heap
INFO  [PerDiskMemtableFlushWriter_0:4] 2024-06-07 12:09:24,409 Memtable.java:499 - Writing Memtable-columns@296324193(0.726KiB serialized bytes, 5 ops, 0%/0% of on/off-heap limit), flushed range = (min(-9223372036854775808), max(9223372036854775807)]
INFO  [PerDiskMemtableFlushWriter_0:4] 2024-06-07 12:09:24,409 Memtable.java:528 - Completed flushing /home/madhurjya/Personal_Projects/API_Kafka_Cassandra_Pipeline_0706/apache-cassandra-4.0.13/data/data/system_schema/columns-24101c25a2ae3af787c1b40ee1aca33f/nb-2-big-Data.db (0.333KiB) for commitlog position CommitLogPosition(segmentId=1717742168765, position=45132)
INFO  [MigrationStage:1] 2024-06-07 12:09:24,813 ColumnFamilyStore.java:881 - Enqueuing flush of tables: 2.523KiB (0%) on-heap, 0.000KiB (0%) off-heap
INFO  [PerDiskMemtableFlushWriter_0:3] 2024-06-07 12:09:24,878 Memtable.java:499 - Writing Memtable-tables@121122238(0.696KiB serialized bytes, 1 ops, 0%/0% of on/off-heap limit), flushed range = (min(-9223372036854775808), max(9223372036854775807)]
INFO  [PerDiskMemtableFlushWriter_0:3] 2024-06-07 12:09:24,879 Memtable.java:528 - Completed flushing /home/madhurjya/Personal_Projects/API_Kafka_Cassandra_Pipeline_0706/apache-cassandra-4.0.13/data/data/system_schema/tables-afddfb9dbc1e30688056eed6c302ba09/nb-2-big-Data.db (0.435KiB) for commitlog position CommitLogPosition(segmentId=1717742168765, position=45140)
INFO  [MigrationStage:1] 2024-06-07 12:09:25,323 ColumnFamilyStore.java:881 - Enqueuing flush of keyspaces: 0.645KiB (0%) on-heap, 0.000KiB (0%) off-heap
INFO  [PerDiskMemtableFlushWriter_0:4] 2024-06-07 12:09:25,388 Memtable.java:499 - Writing Memtable-keyspaces@527331364(0.146KiB serialized bytes, 1 ops, 0%/0% of on/off-heap limit), flushed range = (min(-9223372036854775808), max(9223372036854775807)]
INFO  [PerDiskMemtableFlushWriter_0:4] 2024-06-07 12:09:25,389 Memtable.java:528 - Completed flushing /home/madhurjya/Personal_Projects/API_Kafka_Cassandra_Pipeline_0706/apache-cassandra-4.0.13/data/data/system_schema/keyspaces-abac5682dea631c5b535b3d6cffd0fb6/nb-3-big-Data.db (0.123KiB) for commitlog position CommitLogPosition(segmentId=1717742168765, position=45140)
INFO  [MigrationStage:1] 2024-06-07 12:09:25,817 Keyspace.java:386 - Creating replication strategy weather_keyspace params KeyspaceParams{durable_writes=true, replication=ReplicationParams{class=org.apache.cassandra.locator.SimpleStrategy, replication_factor=1}}
INFO  [MigrationStage:1] 2024-06-07 12:09:25,825 ColumnFamilyStore.java:385 - Initializing weather_keyspace.weather_table
INFO  [Service Thread] 2024-06-07 12:27:23,552 GCInspector.java:292 - ParNew GC in 214ms.  CMS Old Gen: 25516528 -> 40495240; Par Eden Space: 306184192 -> 0; Par Survivor Space: 21595664 -> 15716288
INFO  [ScheduledTasks:1] 2024-06-07 13:06:10,701 ColumnFamilyStore.java:881 - Enqueuing flush of compaction_history: 1.081KiB (0%) on-heap, 0.000KiB (0%) off-heap
INFO  [ScheduledTasks:1] 2024-06-07 13:06:10,710 ColumnFamilyStore.java:881 - Enqueuing flush of sstable_activity: 1.617KiB (0%) on-heap, 0.000KiB (0%) off-heap
INFO  [PerDiskMemtableFlushWriter_0:5] 2024-06-07 13:06:10,798 Memtable.java:499 - Writing Memtable-compaction_history@609333388(0.188KiB serialized bytes, 1 ops, 0%/0% of on/off-heap limit), flushed range = (min(-9223372036854775808), max(9223372036854775807)]
INFO  [PerDiskMemtableFlushWriter_0:6] 2024-06-07 13:06:10,798 Memtable.java:499 - Writing Memtable-sstable_activity@650103530(0.047KiB serialized bytes, 6 ops, 0%/0% of on/off-heap limit), flushed range = (min(-9223372036854775808), max(9223372036854775807)]
INFO  [PerDiskMemtableFlushWriter_0:5] 2024-06-07 13:06:10,799 Memtable.java:528 - Completed flushing /home/madhurjya/Personal_Projects/API_Kafka_Cassandra_Pipeline_0706/apache-cassandra-4.0.13/data/data/system/compaction_history-b4dbb7b4dc493fb5b3bfce6e434832ca/nb-1-big-Data.db (0.097KiB) for commitlog position CommitLogPosition(segmentId=1717742168765, position=626881)
INFO  [PerDiskMemtableFlushWriter_0:6] 2024-06-07 13:06:10,799 Memtable.java:528 - Completed flushing /home/madhurjya/Personal_Projects/API_Kafka_Cassandra_Pipeline_0706/apache-cassandra-4.0.13/data/data/system/sstable_activity-5a1ff267ace03f128563cfae6103c65e/nb-1-big-Data.db (0.229KiB) for commitlog position CommitLogPosition(segmentId=1717742168765, position=626881)
INFO  [ScheduledTasks:1] 2024-06-07 13:06:12,403 ColumnFamilyStore.java:881 - Enqueuing flush of size_estimates: 132.259KiB (0%) on-heap, 0.000KiB (0%) off-heap
INFO  [PerDiskMemtableFlushWriter_0:5] 2024-06-07 13:06:12,468 Memtable.java:499 - Writing Memtable-size_estimates@714492534(22.373KiB serialized bytes, 2178 ops, 0%/0% of on/off-heap limit), flushed range = (min(-9223372036854775808), max(9223372036854775807)]
INFO  [PerDiskMemtableFlushWriter_0:5] 2024-06-07 13:06:12,491 Memtable.java:528 - Completed flushing /home/madhurjya/Personal_Projects/API_Kafka_Cassandra_Pipeline_0706/apache-cassandra-4.0.13/data/data/system/size_estimates-618f817b005f3678b8a453f3930b8e86/nb-1-big-Data.db (15.972KiB) for commitlog position CommitLogPosition(segmentId=1717742168765, position=626881)
INFO  [ScheduledTasks:1] 2024-06-07 13:06:12,937 ColumnFamilyStore.java:881 - Enqueuing flush of table_estimates: 287.402KiB (0%) on-heap, 0.000KiB (0%) off-heap
INFO  [PerDiskMemtableFlushWriter_0:6] 2024-06-07 13:06:13,005 Memtable.java:499 - Writing Memtable-table_estimates@678961229(48.367KiB serialized bytes, 4356 ops, 0%/0% of on/off-heap limit), flushed range = (min(-9223372036854775808), max(9223372036854775807)]
INFO  [PerDiskMemtableFlushWriter_0:6] 2024-06-07 13:06:13,011 Memtable.java:528 - Completed flushing /home/madhurjya/Personal_Projects/API_Kafka_Cassandra_Pipeline_0706/apache-cassandra-4.0.13/data/data/system/table_estimates-176c39cdb93d33a5a2188eb06a56f66e/nb-1-big-Data.db (36.318KiB) for commitlog position CommitLogPosition(segmentId=1717742168765, position=626881)
INFO  [IndexSummaryManager:1] 2024-06-07 13:06:13,552 IndexSummaryRedistribution.java:83 - Redistributing index summaries
INFO  [ScheduledTasks:1] 2024-06-07 13:06:50,844 ColumnFamilyStore.java:881 - Enqueuing flush of local: 0.485KiB (0%) on-heap, 0.000KiB (0%) off-heap
INFO  [PerDiskMemtableFlushWriter_0:5] 2024-06-07 13:06:50,914 Memtable.java:499 - Writing Memtable-local@1510633394(0.060KiB serialized bytes, 2 ops, 0%/0% of on/off-heap limit), flushed range = (min(-9223372036854775808), max(9223372036854775807)]
INFO  [PerDiskMemtableFlushWriter_0:5] 2024-06-07 13:06:50,915 Memtable.java:528 - Completed flushing /home/madhurjya/Personal_Projects/API_Kafka_Cassandra_Pipeline_0706/apache-cassandra-4.0.13/data/data/system/local-7ad54392bcdd35a684174e047860b377/nb-8-big-Data.db (0.043KiB) for commitlog position CommitLogPosition(segmentId=1717742168765, position=679603)
INFO  [ScheduledTasks:1] 2024-06-07 14:06:12,404 ColumnFamilyStore.java:881 - Enqueuing flush of size_estimates: 135.181KiB (0%) on-heap, 0.000KiB (0%) off-heap
INFO  [PerDiskMemtableFlushWriter_0:7] 2024-06-07 14:06:12,486 Memtable.java:499 - Writing Memtable-size_estimates@215180695(22.373KiB serialized bytes, 2376 ops, 0%/0% of on/off-heap limit), flushed range = (min(-9223372036854775808), max(9223372036854775807)]
INFO  [PerDiskMemtableFlushWriter_0:7] 2024-06-07 14:06:12,489 Memtable.java:528 - Completed flushing /home/madhurjya/Personal_Projects/API_Kafka_Cassandra_Pipeline_0706/apache-cassandra-4.0.13/data/data/system/size_estimates-618f817b005f3678b8a453f3930b8e86/nb-2-big-Data.db (15.972KiB) for commitlog position CommitLogPosition(segmentId=1717742168765, position=1261147)
INFO  [ScheduledTasks:1] 2024-06-07 14:06:12,938 ColumnFamilyStore.java:881 - Enqueuing flush of table_estimates: 293.246KiB (0%) on-heap, 0.000KiB (0%) off-heap
INFO  [PerDiskMemtableFlushWriter_0:8] 2024-06-07 14:06:13,047 Memtable.java:499 - Writing Memtable-table_estimates@242321937(48.367KiB serialized bytes, 4752 ops, 0%/0% of on/off-heap limit), flushed range = (min(-9223372036854775808), max(9223372036854775807)]
INFO  [PerDiskMemtableFlushWriter_0:8] 2024-06-07 14:06:13,052 Memtable.java:528 - Completed flushing /home/madhurjya/Personal_Projects/API_Kafka_Cassandra_Pipeline_0706/apache-cassandra-4.0.13/data/data/system/table_estimates-176c39cdb93d33a5a2188eb06a56f66e/nb-2-big-Data.db (36.318KiB) for commitlog position CommitLogPosition(segmentId=1717742168765, position=1261147)
INFO  [IndexSummaryManager:1] 2024-06-07 14:06:13,576 IndexSummaryRedistribution.java:83 - Redistributing index summaries
INFO  [Service Thread] 2024-06-07 14:25:57,045 GCInspector.java:292 - ParNew GC in 579ms.  CMS Old Gen: 45092152 -> 47538144; Par Eden Space: 306184192 -> 0; Par Survivor Space: 5875312 -> 875584
